<?xml version="1.0" encoding="UTF-8"?>
<testsuite name="com.retail.store.service.BillingServiceTest" tests="5" skipped="0" failures="0" errors="0" timestamp="2024-08-05T03:56:29" hostname="MacBook-Air-de-Manindra.local" time="0.451">
  <properties/>
  <testcase name="testCalculateNetPayableAmount_EmployeeDiscount()" classname="com.retail.store.service.BillingServiceTest" time="0.44"/>
  <testcase name="testCalculateNetPayableAmount_WithOffOnHundredBill()" classname="com.retail.store.service.BillingServiceTest" time="0.003"/>
  <testcase name="testCalculateNetPayableAmount_AffiliateDiscount()" classname="com.retail.store.service.BillingServiceTest" time="0.001"/>
  <testcase name="testCalculateNetPayableAmount_WithDiscount()" classname="com.retail.store.service.BillingServiceTest" time="0.001"/>
  <testcase name="testCalculateNetPayableAmount_NoDiscount()" classname="com.retail.store.service.BillingServiceTest" time="0.001"/>
  <system-out><![CDATA[]]></system-out>
  <system-err><![CDATA[WARNING: A Java agent has been loaded dynamically (/Users/manindra/.gradle/caches/modules-2/files-2.1/net.bytebuddy/byte-buddy-agent/1.14.18/417558ea01fe9f0e8a94af28b9469d281c4e3984/byte-buddy-agent-1.14.18.jar)
WARNING: If a serviceability tool is in use, please run with -XX:+EnableDynamicAgentLoading to hide this warning
WARNING: If a serviceability tool is not in use, please run with -Djdk.instrument.traceUsage for more information
WARNING: Dynamic loading of agents will be disallowed by default in a future release
]]></system-err>
</testsuite>
